<?xml version="1.0" encoding="UTF-8"?>
<!-- Generated by org.testng.reporters.JUnitXMLReporter -->
<testsuite ignored="2" hostname="LAPTOP-0SCJ6J7A" failures="1" tests="2" name="Test" time="40.936" errors="0" timestamp="2022-03-17T11:55:42 IST">
  <testcase classname="com.crm.assignmentcontactsTest.CreateContactEmailOptEnabledOrNotTest" name="CreateContactEmailOptEnabledOrNot" time="7.014">
    <failure type="java.lang.AssertionError" message="null">
      <![CDATA[java.lang.AssertionError: null
at com.crm.assignmentcontactsTest.CreateContactEmailOptEnabledOrNotTest.CreateContactEmailOptEnabledOrNot(CreateContactEmailOptEnabledOrNotTest.java:29)
at java.base/java.util.ArrayList.forEach(ArrayList.java:1511)
... Removed 29 stack frames]]>
    </failure>
  </testcase> <!-- CreateContactEmailOptEnabledOrNot -->
  <testcase classname="com.crm.assignmentcontactsTest.CreateContactReferanceTest" name="CreateContactReferance" time="13.864"/>
  <testcase classname="com.crm.GenericLibrary.BaseClass" name="@BeforeSuite connectDataBase" time="0.0">
    <ignored/>
  </testcase> <!-- @BeforeSuite connectDataBase -->
  <testcase classname="com.crm.GenericLibrary.BaseClass" name="@AfterSuite closeDataBase" time="0.0">
    <ignored/>
  </testcase> <!-- @AfterSuite closeDataBase -->
</testsuite> <!-- Test -->
